<?xml version="1.0" encoding="UTF-8"?>
<testsuite xmlns:xsi="http://www.w3.org/2001/XMLSchema-instance" xsi:noNamespaceSchemaLocation="https://maven.apache.org/surefire/maven-surefire-plugin/xsd/surefire-test-report.xsd" name="com.julianosena.coursera.algorithm.part.two.usecase.GetLastTownFromTownsConnectionAndTheirDistancesUseCaseSpec" time="0.01" tests="1" errors="0" skipped="0" failures="0">
  <properties>
[...]
</properties>
  <testcase name="Should return a last Town instance from Towns Connection and their distances input" classname="com.julianosena.coursera.algorithm.part.two.usecase.GetLastTownFromTownsConnectionAndTheirDistancesUseCaseSpec" time="0.003"/>
</testsuite>